<?xml version="1.0" encoding="UTF-8"?>
<!-- Generated by org.testng.reporters.JUnitReportReporter -->
<testsuite hostname="DESKTOP-O5LKBJK" failures="0" tests="1" name="ae.livo.admin.testcases.LoginTest" time="9.302" errors="0" timestamp="2023-08-30T10:39:29 IST" skipped="0">
  <testcase classname="ae.livo.admin.testcases.LoginTest" name="loginToDevAdmin" time="9.302"/>
</testsuite> <!-- ae.livo.admin.testcases.LoginTest -->
